Traceback (most recent call last):
  File "/usr/bin/aws", line 19, in <module>
    import awscli.clidriver
  File "/usr/lib/python3.9/site-packages/awscli/clidriver.py", line 22, in <module>
    import botocore.session
  File "/usr/lib/python3.9/site-packages/awscli/botocore/session.py", line 27, in <module>
    import botocore.client
  File "/usr/lib/python3.9/site-packages/awscli/botocore/client.py", line 16, in <module>
    from botocore import UNSIGNED, waiter, xform_name
  File "/usr/lib/python3.9/site-packages/awscli/botocore/waiter.py", line 17, in <module>
    from botocore.docs.docstring import WaiterDocstring
  File "/usr/lib/python3.9/site-packages/awscli/botocore/docs/__init__.py", line 15, in <module>
    from botocore.docs.service import ServiceDocumenter
  File "/usr/lib/python3.9/site-packages/awscli/botocore/docs/service.py", line 13, in <module>
    from botocore.docs.bcdoc.restdoc import DocumentStructure
  File "/usr/lib/python3.9/site-packages/awscli/botocore/docs/bcdoc/restdoc.py", line 15, in <module>
    from botocore.compat import OrderedDict
  File "/usr/lib/python3.9/site-packages/awscli/botocore/compat.py", line 30, in <module>
    from dateutil.tz import tzlocal
ModuleNotFoundError: No module named 'dateutil'
Traceback (most recent call last):
  File "/usr/bin/aws", line 19, in <module>
    import awscli.clidriver
  File "/usr/lib/python3.9/site-packages/awscli/clidriver.py", line 22, in <module>
    import botocore.session
  File "/usr/lib/python3.9/site-packages/awscli/botocore/session.py", line 27, in <module>
    import botocore.client
  File "/usr/lib/python3.9/site-packages/awscli/botocore/client.py", line 16, in <module>
    from botocore import UNSIGNED, waiter, xform_name
  File "/usr/lib/python3.9/site-packages/awscli/botocore/waiter.py", line 17, in <module>
    from botocore.docs.docstring import WaiterDocstring
  File "/usr/lib/python3.9/site-packages/awscli/botocore/docs/__init__.py", line 15, in <module>
    from botocore.docs.service import ServiceDocumenter
  File "/usr/lib/python3.9/site-packages/awscli/botocore/docs/service.py", line 13, in <module>
    from botocore.docs.bcdoc.restdoc import DocumentStructure
  File "/usr/lib/python3.9/site-packages/awscli/botocore/docs/bcdoc/restdoc.py", line 15, in <module>
    from botocore.compat import OrderedDict
  File "/usr/lib/python3.9/site-packages/awscli/botocore/compat.py", line 30, in <module>
    from dateutil.tz import tzlocal
ModuleNotFoundError: No module named 'dateutil'
